1680949575.985412 client started (262337): version 3.0a, socket /tmp/tmux-1000/default, protocol 8
1680949575.986248 on Linux 5.15.90.1-microsoft-standard-WSL2 #1 SMP Fri Jan 27 02:56:13 UTC 2023; libevent 2.1.11-stable (poll)
1680949575.986611 socket is /tmp/tmux-1000/default
1680949575.986961 trying connect
1680949575.987487 add peer 0x5631f4000820: 6 ((nil))
1680949575.992645 sending message 100 to peer 0x5631f4000820 (4 bytes)
1680949575.993108 sending message 101 to peer 0x5631f4000820 (7 bytes)
1680949575.993651 sending message 102 to peer 0x5631f4000820 (11 bytes)
1680949575.994237 sending message 108 to peer 0x5631f4000820 (61 bytes)
1680949575.994759 sending message 104 to peer 0x5631f4000820 (0 bytes)
1680949575.995380 sending message 107 to peer 0x5631f4000820 (4 bytes)
1680949575.995833 sending message 105 to peer 0x5631f4000820 (73 bytes)
1680949575.996150 sending message 105 to peer 0x5631f4000820 (17 bytes)
1680949575.996453 sending message 105 to peer 0x5631f4000820 (54 bytes)
1680949575.996781 sending message 105 to peer 0x5631f4000820 (11 bytes)
1680949575.997151 sending message 105 to peer 0x5631f4000820 (25 bytes)
1680949575.997494 sending message 105 to peer 0x5631f4000820 (21 bytes)
1680949575.997861 sending message 105 to peer 0x5631f4000820 (20 bytes)
1680949575.998286 sending message 105 to peer 0x5631f4000820 (16 bytes)
1680949575.998608 sending message 105 to peer 0x5631f4000820 (13 bytes)
1680949575.998958 sending message 105 to peer 0x5631f4000820 (8 bytes)
1680949575.999282 sending message 105 to peer 0x5631f4000820 (34 bytes)
1680949575.999568 sending message 105 to peer 0x5631f4000820 (32 bytes)
1680949575.999902 sending message 105 to peer 0x5631f4000820 (17 bytes)
1680949576.000203 sending message 105 to peer 0x5631f4000820 (32 bytes)
1680949576.000489 sending message 105 to peer 0x5631f4000820 (1506 bytes)
1680949576.000854 sending message 105 to peer 0x5631f4000820 (13 bytes)
1680949576.001167 sending message 105 to peer 0x5631f4000820 (26 bytes)
1680949576.001457 sending message 105 to peer 0x5631f4000820 (68 bytes)
1680949576.001777 sending message 105 to peer 0x5631f4000820 (10 bytes)
1680949576.002178 sending message 105 to peer 0x5631f4000820 (12 bytes)
1680949576.002486 sending message 105 to peer 0x5631f4000820 (11 bytes)
1680949576.002805 sending message 105 to peer 0x5631f4000820 (2071 bytes)
1680949576.003154 sending message 105 to peer 0x5631f4000820 (118 bytes)
1680949576.003430 sending message 105 to peer 0x5631f4000820 (94 bytes)
1680949576.003715 sending message 105 to peer 0x5631f4000820 (40 bytes)
1680949576.004026 sending message 105 to peer 0x5631f4000820 (65 bytes)
1680949576.004341 sending message 105 to peer 0x5631f4000820 (19 bytes)
1680949576.004629 sending message 105 to peer 0x5631f4000820 (8 bytes)
1680949576.004925 sending message 105 to peer 0x5631f4000820 (12 bytes)
1680949576.005203 sending message 105 to peer 0x5631f4000820 (37 bytes)
1680949576.005512 sending message 105 to peer 0x5631f4000820 (13 bytes)
1680949576.005853 sending message 105 to peer 0x5631f4000820 (14 bytes)
1680949576.006161 sending message 105 to peer 0x5631f4000820 (26 bytes)
1680949576.006443 sending message 105 to peer 0x5631f4000820 (24 bytes)
1680949576.006910 sending message 105 to peer 0x5631f4000820 (33 bytes)
1680949576.007241 sending message 105 to peer 0x5631f4000820 (29 bytes)
1680949576.007544 sending message 105 to peer 0x5631f4000820 (34 bytes)
1680949576.007851 sending message 105 to peer 0x5631f4000820 (53 bytes)
1680949576.008139 sending message 105 to peer 0x5631f4000820 (48 bytes)
1680949576.008549 sending message 105 to peer 0x5631f4000820 (32 bytes)
1680949576.008865 sending message 105 to peer 0x5631f4000820 (30 bytes)
1680949576.009144 sending message 105 to peer 0x5631f4000820 (16 bytes)
1680949576.009418 sending message 105 to peer 0x5631f4000820 (20 bytes)
1680949576.009727 sending message 106 to peer 0x5631f4000820 (0 bytes)
1680949576.010201 sending message 200 to peer 0x5631f4000820 (4 bytes)
1680949576.010554 client loop enter
1680949576.011219 peer 0x5631f4000820 message 211
1680949576.011580 client_write: sessions should be nested with care, unset $TMUX to force\n
1680949576.011911 peer 0x5631f4000820 message 203
1680949576.012265 client loop exit
